<?xml version="1.0" encoding="UTF-8" ?>
<testsuite failures="1" time="0" errors="0" skipped="0" tests="15" name="org.jreserve.triangle.entities.TriangleGeometryTest">
  <properties>
    <property name="java.runtime.name" value="Java(TM) SE Runtime Environment"/>
    <property name="sun.boot.library.path" value="D:\Eigen\Programs\JAVA\jdk1.6.0_17\jre\bin"/>
    <property name="java.vm.version" value="14.3-b01"/>
    <property name="java.vm.vendor" value="Sun Microsystems Inc."/>
    <property name="java.vendor.url" value="http://java.sun.com/"/>
    <property name="path.separator" value=";"/>
    <property name="guice.disable.misplaced.annotation.check" value="true"/>
    <property name="java.vm.name" value="Java HotSpot(TM) Client VM"/>
    <property name="file.encoding.pkg" value="sun.io"/>
    <property name="user.country" value="NL"/>
    <property name="sun.java.launcher" value="SUN_STANDARD"/>
    <property name="sun.os.patch.level" value="Service Pack 3"/>
    <property name="test" value="org.jreserve.triangle.entities.TriangleGeometryTest"/>
    <property name="java.vm.specification.name" value="Java Virtual Machine Specification"/>
    <property name="user.dir" value="D:\Eigen\GitRepos\JReserve\NetbeansProject\jreserve\jreserve-triangle-core"/>
    <property name="java.runtime.version" value="1.6.0_17-b04"/>
    <property name="java.awt.graphicsenv" value="sun.awt.Win32GraphicsEnvironment"/>
    <property name="java.endorsed.dirs" value="D:\Eigen\Programs\JAVA\jdk1.6.0_17\jre\lib\endorsed"/>
    <property name="os.arch" value="x86"/>
    <property name="java.io.tmpdir" value="C:\DOCUME~1\aa461472\LOCALS~1\Temp\"/>
    <property name="line.separator" value="
"/>
    <property name="java.vm.specification.vendor" value="Sun Microsystems Inc."/>
    <property name="user.variant" value=""/>
    <property name="os.name" value="Windows XP"/>
    <property name="classworlds.conf" value="D:\Eigen\Programs\JAVA\NetBeans 7.1.2\java\maven\bin\..\bin\m2.conf"/>
    <property name="sun.jnu.encoding" value="Cp1252"/>
    <property name="java.library.path" value="D:\Eigen\Programs\JAVA\jdk1.6.0_17\bin;.;C:\WINDOWS\Sun\Java\bin;C:\WINDOWS\system32;C:\WINDOWS;C:\Program Files\Ecm\FileNetViewer\40210\;C:\WINDOWS;C:\WINDOWS\system32;C:\WINDOWS\System32\Wbem;C:\PROG16\ORACLE\desdev\10g\bin;C:\PROG16\ORACLE\desdev\10g\jre\1.4.2\bin;C:\PROG16\ORACLE\desdev\10g\jre\1.4.2\bin\client;C:\prog16\oracle\desdev\6i410\BIN\;C:\prog16\oracle\desdev\6i410\jdk\bin\;C:\prog16\oracle\desdev\6i410\REPADM61\jre1_4\bin\;C:\prog16\oracle\desdev\6i410\REPADM61\jre1_4\bin\client\;C:\prog16\oracle\jre\1.1.8\bin\;C:\prog16\oracle\jre\1.3.1\bin;C:\prog16\oracle\ora81\bin\;C:\prog16\oracle\ora92\Bin;C:\prog16\oracle\ora92\jre\1.4.2\bin\;C:\prog16\oracle\ora92\jre\1.4.2\bin\client\;C:\Program Files\Achmea\WebSphereMQClient\53\bin;C:\Program Files\Microsoft Application Virtualization Client;C:\Program Files\Windows Imaging\;C:\WINDOWS\system32\WindowsPowerShell\v1.0;C:\Program Files\TortoiseSVN\bin;C:\Program Files\TortoiseGit\bin;C:\Program Files\Enterprise Vault\EVClient\;D:\Eigen\Programs\Lyx\MikTex\miktex\bin;D:\Eigen\Programs\R\bin;D:\Eigen\Programs\R\library;D:\Eigen\Programs\Git\cmd"/>
    <property name="java.specification.name" value="Java Platform API Specification"/>
    <property name="java.class.version" value="50.0"/>
    <property name="sun.management.compiler" value="HotSpot Client Compiler"/>
    <property name="os.version" value="5.1"/>
    <property name="user.home" value="C:\Documents and Settings\aa461472"/>
    <property name="user.timezone" value="Europe/Berlin"/>
    <property name="java.awt.printerjob" value="sun.awt.windows.WPrinterJob"/>
    <property name="java.specification.version" value="1.6"/>
    <property name="file.encoding" value="Cp1252"/>
    <property name="user.name" value="AA461472"/>
    <property name="java.class.path" value="D:\Eigen\Programs\JAVA\NetBeans 7.1.2\java\maven\bin\..\boot\plexus-classworlds-2.4.jar"/>
    <property name="java.vm.specification.version" value="1.0"/>
    <property name="sun.arch.data.model" value="32"/>
    <property name="java.home" value="D:\Eigen\Programs\JAVA\jdk1.6.0_17\jre"/>
    <property name="java.specification.vendor" value="Sun Microsystems Inc."/>
    <property name="user.language" value="nl"/>
    <property name="awt.toolkit" value="sun.awt.windows.WToolkit"/>
    <property name="java.vm.info" value="mixed mode, sharing"/>
    <property name="java.version" value="1.6.0_17"/>
    <property name="java.ext.dirs" value="D:\Eigen\Programs\JAVA\jdk1.6.0_17\jre\lib\ext;C:\WINDOWS\Sun\Java\lib\ext"/>
    <property name="sun.boot.class.path" value="D:\Eigen\Programs\JAVA\jdk1.6.0_17\jre\lib\resources.jar;D:\Eigen\Programs\JAVA\jdk1.6.0_17\jre\lib\rt.jar;D:\Eigen\Programs\JAVA\jdk1.6.0_17\jre\lib\sunrsasign.jar;D:\Eigen\Programs\JAVA\jdk1.6.0_17\jre\lib\jsse.jar;D:\Eigen\Programs\JAVA\jdk1.6.0_17\jre\lib\jce.jar;D:\Eigen\Programs\JAVA\jdk1.6.0_17\jre\lib\charsets.jar;D:\Eigen\Programs\JAVA\jdk1.6.0_17\jre\classes"/>
    <property name="java.vendor" value="Sun Microsystems Inc."/>
    <property name="maven.home" value="D:\Eigen\Programs\JAVA\NetBeans 7.1.2\java\maven\bin\.."/>
    <property name="file.separator" value="\"/>
    <property name="java.vendor.url.bug" value="http://java.sun.com/cgi-bin/bugreport.cgi"/>
    <property name="sun.cpu.endian" value="little"/>
    <property name="sun.io.unicode.encoding" value="UnicodeLittle"/>
    <property name="sun.desktop" value="windows"/>
    <property name="sun.cpu.isalist" value="pentium_pro+mmx pentium_pro pentium+mmx pentium i486 i386 i86"/>
  </properties>
  <testcase time="0" classname="org.jreserve.triangle.entities.TriangleGeometryTest" name="testConstructor_StartNull"/>
  <testcase time="0" classname="org.jreserve.triangle.entities.TriangleGeometryTest" name="testConstructor_TooFewAccPeriods"/>
  <testcase time="0" classname="org.jreserve.triangle.entities.TriangleGeometryTest" name="testConstructor_TooFewAccMonths"/>
  <testcase time="0" classname="org.jreserve.triangle.entities.TriangleGeometryTest" name="testConstructor_TooFewDevPeriods"/>
  <testcase time="0" classname="org.jreserve.triangle.entities.TriangleGeometryTest" name="testConstructor_TooFewDevMonths"/>
  <testcase time="0" classname="org.jreserve.triangle.entities.TriangleGeometryTest" name="testAccidentStart"/>
  <testcase time="0" classname="org.jreserve.triangle.entities.TriangleGeometryTest" name="testAccidentPeriods"/>
  <testcase time="0" classname="org.jreserve.triangle.entities.TriangleGeometryTest" name="testSetAccidentPeriods_TooFewo"/>
  <testcase time="0" classname="org.jreserve.triangle.entities.TriangleGeometryTest" name="testAccidentMonths"/>
  <testcase time="0" classname="org.jreserve.triangle.entities.TriangleGeometryTest" name="testSetAccidentMonths_TooFewMonths"/>
  <testcase time="0" classname="org.jreserve.triangle.entities.TriangleGeometryTest" name="testDevelopmentPeriods"/>
  <testcase time="0" classname="org.jreserve.triangle.entities.TriangleGeometryTest" name="testSetDevelopmentPeriods_TooFew"/>
  <testcase time="0" classname="org.jreserve.triangle.entities.TriangleGeometryTest" name="testDevelopmentMonths"/>
  <testcase time="0" classname="org.jreserve.triangle.entities.TriangleGeometryTest" name="testSetDevelopmentMonths_TooFewMonths"/>
  <testcase time="0" classname="org.jreserve.triangle.entities.TriangleGeometryTest" name="testToString">
    <failure message="expected:&lt;Geometry [2000-01-01[; 10; 12] / [2000-01-01; ]2; 2]&gt; but was:&lt;Geometry [2000-01-01[] [10; 12] / []2; 2]&gt;" type="org.junit.ComparisonFailure">org.junit.ComparisonFailure: expected:&lt;Geometry [2000-01-01[; 10; 12] / [2000-01-01; ]2; 2]&gt; but was:&lt;Geometry [2000-01-01[] [10; 12] / []2; 2]&gt;
	at org.junit.Assert.assertEquals(Assert.java:125)
	at org.junit.Assert.assertEquals(Assert.java:147)
	at org.jreserve.triangle.entities.TriangleGeometryTest.testToString(TriangleGeometryTest.java:125)
	at sun.reflect.NativeMethodAccessorImpl.invoke0(Native Method)
	at sun.reflect.NativeMethodAccessorImpl.invoke(NativeMethodAccessorImpl.java:39)
	at sun.reflect.DelegatingMethodAccessorImpl.invoke(DelegatingMethodAccessorImpl.java:25)
	at java.lang.reflect.Method.invoke(Method.java:597)
	at org.junit.runners.model.FrameworkMethod$1.runReflectiveCall(FrameworkMethod.java:45)
	at org.junit.internal.runners.model.ReflectiveCallable.run(ReflectiveCallable.java:15)
	at org.junit.runners.model.FrameworkMethod.invokeExplosively(FrameworkMethod.java:42)
	at org.junit.internal.runners.statements.InvokeMethod.evaluate(InvokeMethod.java:20)
	at org.junit.internal.runners.statements.RunBefores.evaluate(RunBefores.java:28)
	at org.junit.runners.ParentRunner.runLeaf(ParentRunner.java:263)
	at org.junit.runners.BlockJUnit4ClassRunner.runChild(BlockJUnit4ClassRunner.java:68)
	at org.junit.runners.BlockJUnit4ClassRunner.runChild(BlockJUnit4ClassRunner.java:47)
	at org.junit.runners.ParentRunner$3.run(ParentRunner.java:231)
	at org.junit.runners.ParentRunner$1.schedule(ParentRunner.java:60)
	at org.junit.runners.ParentRunner.runChildren(ParentRunner.java:229)
	at org.junit.runners.ParentRunner.access$000(ParentRunner.java:50)
	at org.junit.runners.ParentRunner$2.evaluate(ParentRunner.java:222)
	at org.junit.runners.ParentRunner.run(ParentRunner.java:300)
	at org.apache.maven.surefire.junit4.JUnit4Provider.execute(JUnit4Provider.java:252)
	at org.apache.maven.surefire.junit4.JUnit4Provider.executeTestSet(JUnit4Provider.java:141)
	at org.apache.maven.surefire.junit4.JUnit4Provider.invoke(JUnit4Provider.java:112)
	at sun.reflect.NativeMethodAccessorImpl.invoke0(Native Method)
	at sun.reflect.NativeMethodAccessorImpl.invoke(NativeMethodAccessorImpl.java:39)
	at sun.reflect.DelegatingMethodAccessorImpl.invoke(DelegatingMethodAccessorImpl.java:25)
	at java.lang.reflect.Method.invoke(Method.java:597)
	at org.apache.maven.surefire.util.ReflectionUtils.invokeMethodWithArray(ReflectionUtils.java:189)
	at org.apache.maven.surefire.booter.ProviderFactory$ProviderProxy.invoke(ProviderFactory.java:165)
	at org.apache.maven.surefire.booter.ProviderFactory.invokeProvider(ProviderFactory.java:85)
	at org.apache.maven.surefire.booter.ForkedBooter.runSuitesInProcess(ForkedBooter.java:115)
	at org.apache.maven.surefire.booter.ForkedBooter.main(ForkedBooter.java:75)
</failure>
  </testcase>
</testsuite>